<?xml version="1.0" encoding="UTF-8"?>
<!-- Generated by org.testng.reporters.JUnitReportReporter -->
<testsuite hostname="Admin-PC" name="com.MyTests.LoginTest" tests="4" failures="0" timestamp="28 Jul 2019 15:39:16 GMT" time="103.448" errors="0">
  <testcase name="verifyLoginPageTitleTest" time="21.459" classname="com.MyTests.LoginTest"/>
  <testcase name="doLoginTest" time="21.192" classname="com.MyTests.LoginTest"/>
  <testcase name="verifyLoginPageTitleTest" time="29.065" classname="com.MyTests.LoginTest"/>
  <testcase name="doLoginTest" time="31.732" classname="com.MyTests.LoginTest"/>
</testsuite> <!-- com.MyTests.LoginTest -->
