<?xml version="1.0" encoding="UTF-8"?>
<!-- Generated by org.testng.reporters.JUnitReportReporter -->
<testsuite hostname="Admin-PC" name="com.MyTests.LoginPageTest" tests="4" failures="0" timestamp="28 Jul 2019 16:17:58 GMT" time="122.713" errors="0">
  <testcase name="doLoginTest" time="38.963" classname="com.MyTests.LoginPageTest"/>
  <testcase name="verifyLoginPageTitleTest" time="27.202" classname="com.MyTests.LoginPageTest"/>
  <testcase name="verifyLoginPageTitleTest" time="31.368" classname="com.MyTests.LoginPageTest"/>
  <testcase name="doLoginTest" time="25.180" classname="com.MyTests.LoginPageTest"/>
</testsuite> <!-- com.MyTests.LoginPageTest -->
